TN:tests
SF:/home/user/school21/CPP3_SmartCalc_v2.0-1/src/arithmetic.h
FN:30,_ZN3s2112I_ArithmeticD0Ev
FNDA:0,_ZN3s2112I_ArithmeticD0Ev
FN:30,_ZN3s2112I_ArithmeticD2Ev
FNDA:0,_ZN3s2112I_ArithmeticD2Ev
DA:30,0
DA:30,0
end_of_record
SF:/home/user/school21/CPP3_SmartCalc_v2.0-1/src/arithmetic.cpp
FN:5,_ZN3s21lsERSoRKNS_12I_ArithmeticE
FNDA:354,_ZN3s21lsERSoRKNS_12I_ArithmeticE
FN:12,_ZN3s216NumberC2Ed
FNDA:274,_ZN3s216NumberC2Ed
FN:14,_ZNK3s216Number8get_typeEv
FNDA:282,_ZNK3s216Number8get_typeEv
FN:16,_ZN3s216Number10get_numberEv
FNDA:188,_ZN3s216Number10get_numberEv
FN:18,_ZNK3s216Number5printERSo
FNDA:86,_ZNK3s216Number5printERSo
FN:20,_ZNK3s216Number12get_priorityEv
FNDA:0,_ZNK3s216Number12get_priorityEv
FN:26,_ZN3s217Unknown10get_numberEd
FNDA:0,_ZN3s217Unknown10get_numberEd
FN:28,_ZNK3s217Unknown8get_typeEv
FNDA:78,_ZNK3s217Unknown8get_typeEv
FN:30,_ZNK3s217Unknown5printERSo
FNDA:20,_ZNK3s217Unknown5printERSo
FN:32,_ZNK3s217Unknown12get_priorityEv
FNDA:0,_ZNK3s217Unknown12get_priorityEv
FN:38,_ZN3s2110OperationsC2Ec
FNDA:50,_ZN3s2110OperationsC2Ec
FN:40,_ZN3s2110Operations10get_resultERNS_6NumberES2_
FNDA:44,_ZN3s2110Operations10get_resultERNS_6NumberES2_
FN:72,_ZNK3s2110Operations5printERSo
FNDA:54,_ZNK3s2110Operations5printERSo
FN:79,_ZNK3s2110Operations8get_typeEv
FNDA:226,_ZNK3s2110Operations8get_typeEv
FN:81,_ZNK3s2110Operations12get_priorityEv
FNDA:56,_ZNK3s2110Operations12get_priorityEv
FN:105,_ZN3s2115UnaryOperationsC2Ec
FNDA:20,_ZN3s2115UnaryOperationsC2Ec
FN:107,_ZN3s2115UnaryOperations10get_resultERNS_6NumberE
FNDA:16,_ZN3s2115UnaryOperations10get_resultERNS_6NumberE
FN:124,_ZNK3s2115UnaryOperations5printERSo
FNDA:20,_ZNK3s2115UnaryOperations5printERSo
FN:126,_ZNK3s2115UnaryOperations8get_typeEv
FNDA:70,_ZNK3s2115UnaryOperations8get_typeEv
FN:128,_ZNK3s2115UnaryOperations12get_priorityEv
FNDA:12,_ZNK3s2115UnaryOperations12get_priorityEv
FN:132,_ZN3s219FunctionsC2ERKNSt7__cxx1112basic_stringIcSt11char_traitsIcESaIcEEE
FNDA:46,_ZN3s219FunctionsC2ERKNSt7__cxx1112basic_stringIcSt11char_traitsIcESaIcEEE
FN:134,_ZN3s219Functions11getFunctionERKNSt7__cxx1112basic_stringIcSt11char_traitsIcESaIcEEE
FNDA:46,_ZN3s219Functions11getFunctionERKNSt7__cxx1112basic_stringIcSt11char_traitsIcESaIcEEE
FN:142,_ZN3s219Functions9getStringB5cxx11ENS0_8FunctionE
FNDA:60,_ZN3s219Functions9getStringB5cxx11ENS0_8FunctionE
FN:153,_ZN3s219Functions10get_resultERNS_6NumberE
FNDA:36,_ZN3s219Functions10get_resultERNS_6NumberE
FN:192,_ZNK3s219Functions8get_typeEv
FNDA:186,_ZNK3s219Functions8get_typeEv
FN:194,_ZNK3s219Functions5printERSo
FNDA:60,_ZNK3s219Functions5printERSo
FN:196,_ZNK3s219Functions12get_priorityEv
FNDA:30,_ZNK3s219Functions12get_priorityEv
FN:200,_ZNK3s217Bracket5printERSo
FNDA:114,_ZNK3s217Bracket5printERSo
FN:202,_ZN3s217BracketC2Ec
FNDA:86,_ZN3s217BracketC2Ec
FN:204,_ZNK3s217Bracket8get_typeEv
FNDA:308,_ZNK3s217Bracket8get_typeEv
FN:206,_ZN3s217Bracket11get_bracketEv
FNDA:136,_ZN3s217Bracket11get_bracketEv
FN:208,_ZNK3s217Bracket12get_priorityEv
FNDA:30,_ZNK3s217Bracket12get_priorityEv
DA:5,354
DA:6,354
DA:7,354
DA:12,274
DA:14,282
DA:16,188
DA:18,86
DA:20,0
DA:21,0
DA:26,0
DA:28,78
DA:30,20
DA:32,0
DA:33,0
DA:38,50
DA:40,44
DA:42,44
DA:43,44
DA:45,44
DA:46,8
DA:47,8
DA:48,8
DA:49,6
DA:50,6
DA:51,6
DA:52,22
DA:53,22
DA:54,22
DA:55,4
DA:56,4
DA:57,4
DA:58,2
DA:59,2
DA:60,2
DA:61,2
DA:62,2
DA:63,2
DA:64,0
DA:65,0
DA:69,44
DA:72,54
DA:73,54
DA:74,2
DA:76,52
DA:77,54
DA:79,226
DA:81,56
DA:82,56
DA:83,56
DA:84,22
DA:86,22
DA:87,22
DA:88,32
DA:90,32
DA:91,32
DA:92,2
DA:94,2
DA:95,2
DA:96,0
DA:97,0
DA:100,56
DA:105,20
DA:107,16
DA:109,16
DA:110,16
DA:111,2
DA:112,2
DA:113,2
DA:114,14
DA:115,14
DA:116,14
DA:117,0
DA:118,0
DA:121,16
DA:124,20
DA:126,70
DA:128,12
DA:132,46
DA:134,46
DA:136,0
DA:137,0
DA:138,506
DA:139,92
DA:140,46
DA:142,60
DA:144,0
DA:145,0
DA:146,660
DA:147,60
DA:148,0
DA:150,120
DA:151,60
DA:153,36
DA:155,36
DA:157,36
DA:158,4
DA:159,4
DA:160,4
DA:161,8
DA:162,8
DA:163,8
DA:164,4
DA:165,4
DA:166,4
DA:167,4
DA:168,4
DA:169,4
DA:170,4
DA:171,4
DA:172,4
DA:173,4
DA:174,4
DA:175,4
DA:176,4
DA:177,4
DA:178,4
DA:179,2
DA:180,2
DA:181,2
DA:182,2
DA:183,2
DA:184,2
DA:185,0
DA:186,0
DA:189,36
DA:192,186
DA:194,60
DA:196,30
DA:200,114
DA:202,86
DA:204,308
DA:206,136
DA:208,30
end_of_record
TN:tests
SF:/home/user/school21/CPP3_SmartCalc_v2.0-1/src/tests.cpp
FN:15,_ZN44polish_s21_CalcController_test_polish_1_TestC2Ev
FNDA:2,_ZN44polish_s21_CalcController_test_polish_1_TestC2Ev
FN:15,_ZN44polish_s21_CalcController_test_polish_1_Test8TestBodyEv
FNDA:2,_ZN44polish_s21_CalcController_test_polish_1_Test8TestBodyEv
FN:15,_ZN44polish_s21_CalcController_test_polish_1_TestD2Ev
FNDA:2,_ZN44polish_s21_CalcController_test_polish_1_TestD2Ev
FN:15,_ZN44polish_s21_CalcController_test_polish_1_TestD0Ev
FNDA:2,_ZN44polish_s21_CalcController_test_polish_1_TestD0Ev
FN:23,_ZN46polish_s21_CalcController_test_polish_2_1_TestC2Ev
FNDA:2,_ZN46polish_s21_CalcController_test_polish_2_1_TestC2Ev
FN:23,_ZN46polish_s21_CalcController_test_polish_2_1_Test8TestBodyEv
FNDA:2,_ZN46polish_s21_CalcController_test_polish_2_1_Test8TestBodyEv
FN:23,_ZN46polish_s21_CalcController_test_polish_2_1_TestD2Ev
FNDA:2,_ZN46polish_s21_CalcController_test_polish_2_1_TestD2Ev
FN:23,_ZN46polish_s21_CalcController_test_polish_2_1_TestD0Ev
FNDA:2,_ZN46polish_s21_CalcController_test_polish_2_1_TestD0Ev
FN:31,_ZN46polish_s21_CalcController_test_polish_2_2_TestC2Ev
FNDA:2,_ZN46polish_s21_CalcController_test_polish_2_2_TestC2Ev
FN:31,_ZN46polish_s21_CalcController_test_polish_2_2_Test8TestBodyEv
FNDA:2,_ZN46polish_s21_CalcController_test_polish_2_2_Test8TestBodyEv
FN:31,_ZN46polish_s21_CalcController_test_polish_2_2_TestD0Ev
FNDA:2,_ZN46polish_s21_CalcController_test_polish_2_2_TestD0Ev
FN:31,_ZN46polish_s21_CalcController_test_polish_2_2_TestD2Ev
FNDA:2,_ZN46polish_s21_CalcController_test_polish_2_2_TestD2Ev
FN:39,_ZN44polish_s21_CalcController_test_polish_3_TestC2Ev
FNDA:2,_ZN44polish_s21_CalcController_test_polish_3_TestC2Ev
FN:39,_ZN44polish_s21_CalcController_test_polish_3_Test8TestBodyEv
FNDA:2,_ZN44polish_s21_CalcController_test_polish_3_Test8TestBodyEv
FN:39,_ZN44polish_s21_CalcController_test_polish_3_TestD0Ev
FNDA:2,_ZN44polish_s21_CalcController_test_polish_3_TestD0Ev
FN:39,_ZN44polish_s21_CalcController_test_polish_3_TestD2Ev
FNDA:2,_ZN44polish_s21_CalcController_test_polish_3_TestD2Ev
FN:49,_ZN44polish_s21_CalcController_test_polish_4_TestC2Ev
FNDA:2,_ZN44polish_s21_CalcController_test_polish_4_TestC2Ev
FN:49,_ZN44polish_s21_CalcController_test_polish_4_Test8TestBodyEv
FNDA:2,_ZN44polish_s21_CalcController_test_polish_4_Test8TestBodyEv
FN:49,_ZN44polish_s21_CalcController_test_polish_4_TestD2Ev
FNDA:2,_ZN44polish_s21_CalcController_test_polish_4_TestD2Ev
FN:49,_ZN44polish_s21_CalcController_test_polish_4_TestD0Ev
FNDA:2,_ZN44polish_s21_CalcController_test_polish_4_TestD0Ev
FN:60,_ZN44polish_s21_CalcController_test_polish_5_TestD2Ev
FNDA:2,_ZN44polish_s21_CalcController_test_polish_5_TestD2Ev
FN:60,_ZN44polish_s21_CalcController_test_polish_5_TestD0Ev
FNDA:2,_ZN44polish_s21_CalcController_test_polish_5_TestD0Ev
FN:60,_ZN44polish_s21_CalcController_test_polish_5_Test8TestBodyEv
FNDA:2,_ZN44polish_s21_CalcController_test_polish_5_Test8TestBodyEv
FN:60,_ZN44polish_s21_CalcController_test_polish_5_TestC2Ev
FNDA:2,_ZN44polish_s21_CalcController_test_polish_5_TestC2Ev
FN:73,_ZN44polish_s21_CalcController_test_polish_6_TestC2Ev
FNDA:2,_ZN44polish_s21_CalcController_test_polish_6_TestC2Ev
FN:73,_ZN44polish_s21_CalcController_test_polish_6_TestD2Ev
FNDA:2,_ZN44polish_s21_CalcController_test_polish_6_TestD2Ev
FN:73,_ZN44polish_s21_CalcController_test_polish_6_Test8TestBodyEv
FNDA:2,_ZN44polish_s21_CalcController_test_polish_6_Test8TestBodyEv
FN:73,_ZN44polish_s21_CalcController_test_polish_6_TestD0Ev
FNDA:2,_ZN44polish_s21_CalcController_test_polish_6_TestD0Ev
FN:82,_ZN44polish_s21_CalcController_test_polish_7_TestD2Ev
FNDA:2,_ZN44polish_s21_CalcController_test_polish_7_TestD2Ev
FN:82,_ZN44polish_s21_CalcController_test_polish_7_TestC2Ev
FNDA:2,_ZN44polish_s21_CalcController_test_polish_7_TestC2Ev
FN:82,_ZN44polish_s21_CalcController_test_polish_7_TestD0Ev
FNDA:2,_ZN44polish_s21_CalcController_test_polish_7_TestD0Ev
FN:82,_ZN44polish_s21_CalcController_test_polish_7_Test8TestBodyEv
FNDA:2,_ZN44polish_s21_CalcController_test_polish_7_Test8TestBodyEv
FN:124,_ZN44polish_s21_CalcController_test_polish_8_TestD0Ev
FNDA:2,_ZN44polish_s21_CalcController_test_polish_8_TestD0Ev
FN:124,_ZN44polish_s21_CalcController_test_polish_8_TestD2Ev
FNDA:2,_ZN44polish_s21_CalcController_test_polish_8_TestD2Ev
FN:124,_ZN44polish_s21_CalcController_test_polish_8_Test8TestBodyEv
FNDA:2,_ZN44polish_s21_CalcController_test_polish_8_Test8TestBodyEv
FN:124,_ZN44polish_s21_CalcController_test_polish_8_TestC2Ev
FNDA:2,_ZN44polish_s21_CalcController_test_polish_8_TestC2Ev
FN:139,_ZN42polish_s21_CalcController_test_polish_TestC2Ev
FNDA:2,_ZN42polish_s21_CalcController_test_polish_TestC2Ev
FN:139,_ZN42polish_s21_CalcController_test_polish_TestD0Ev
FNDA:2,_ZN42polish_s21_CalcController_test_polish_TestD0Ev
FN:139,_ZN42polish_s21_CalcController_test_polish_TestD2Ev
FNDA:2,_ZN42polish_s21_CalcController_test_polish_TestD2Ev
FN:139,_ZN42polish_s21_CalcController_test_polish_Test8TestBodyEv
FNDA:2,_ZN42polish_s21_CalcController_test_polish_Test8TestBodyEv
FN:167,_ZN49create_number_s21_CalcController_putNumber_1_TestC2Ev
FNDA:2,_ZN49create_number_s21_CalcController_putNumber_1_TestC2Ev
FN:167,_ZN49create_number_s21_CalcController_putNumber_1_Test8TestBodyEv
FNDA:2,_ZN49create_number_s21_CalcController_putNumber_1_Test8TestBodyEv
FN:167,_ZN49create_number_s21_CalcController_putNumber_1_TestD0Ev
FNDA:2,_ZN49create_number_s21_CalcController_putNumber_1_TestD0Ev
FN:167,_ZN49create_number_s21_CalcController_putNumber_1_TestD2Ev
FNDA:2,_ZN49create_number_s21_CalcController_putNumber_1_TestD2Ev
FN:182,_ZN49create_number_s21_CalcController_putNumber_2_TestC2Ev
FNDA:2,_ZN49create_number_s21_CalcController_putNumber_2_TestC2Ev
FN:182,_ZN49create_number_s21_CalcController_putNumber_2_Test8TestBodyEv
FNDA:2,_ZN49create_number_s21_CalcController_putNumber_2_Test8TestBodyEv
FN:182,_ZN49create_number_s21_CalcController_putNumber_2_TestD0Ev
FNDA:2,_ZN49create_number_s21_CalcController_putNumber_2_TestD0Ev
FN:182,_ZN49create_number_s21_CalcController_putNumber_2_TestD2Ev
FNDA:2,_ZN49create_number_s21_CalcController_putNumber_2_TestD2Ev
FN:195,_ZN49create_number_s21_CalcController_putNumber_3_TestC2Ev
FNDA:2,_ZN49create_number_s21_CalcController_putNumber_3_TestC2Ev
FN:195,_ZN49create_number_s21_CalcController_putNumber_3_Test8TestBodyEv
FNDA:2,_ZN49create_number_s21_CalcController_putNumber_3_Test8TestBodyEv
FN:195,_ZN49create_number_s21_CalcController_putNumber_3_TestD0Ev
FNDA:2,_ZN49create_number_s21_CalcController_putNumber_3_TestD0Ev
FN:195,_ZN49create_number_s21_CalcController_putNumber_3_TestD2Ev
FNDA:2,_ZN49create_number_s21_CalcController_putNumber_3_TestD2Ev
FN:212,_ZN49create_number_s21_CalcController_putNumber_4_TestC2Ev
FNDA:2,_ZN49create_number_s21_CalcController_putNumber_4_TestC2Ev
FN:212,_ZN49create_number_s21_CalcController_putNumber_4_TestD2Ev
FNDA:2,_ZN49create_number_s21_CalcController_putNumber_4_TestD2Ev
FN:212,_ZN49create_number_s21_CalcController_putNumber_4_TestD0Ev
FNDA:2,_ZN49create_number_s21_CalcController_putNumber_4_TestD0Ev
FN:212,_ZN49create_number_s21_CalcController_putNumber_4_Test8TestBodyEv
FNDA:2,_ZN49create_number_s21_CalcController_putNumber_4_Test8TestBodyEv
FN:229,_ZN49create_number_s21_CalcController_putNumber_5_TestD0Ev
FNDA:2,_ZN49create_number_s21_CalcController_putNumber_5_TestD0Ev
FN:229,_ZN49create_number_s21_CalcController_putNumber_5_TestD2Ev
FNDA:2,_ZN49create_number_s21_CalcController_putNumber_5_TestD2Ev
FN:229,_ZN49create_number_s21_CalcController_putNumber_5_Test8TestBodyEv
FNDA:2,_ZN49create_number_s21_CalcController_putNumber_5_Test8TestBodyEv
FN:229,_ZN49create_number_s21_CalcController_putNumber_5_TestC2Ev
FNDA:2,_ZN49create_number_s21_CalcController_putNumber_5_TestC2Ev
FN:242,_ZN49create_number_s21_CalcController_putNumber_6_TestD0Ev
FNDA:2,_ZN49create_number_s21_CalcController_putNumber_6_TestD0Ev
FN:242,_ZN49create_number_s21_CalcController_putNumber_6_TestD2Ev
FNDA:2,_ZN49create_number_s21_CalcController_putNumber_6_TestD2Ev
FN:242,_ZN49create_number_s21_CalcController_putNumber_6_Test8TestBodyEv
FNDA:2,_ZN49create_number_s21_CalcController_putNumber_6_Test8TestBodyEv
FN:242,_ZN49create_number_s21_CalcController_putNumber_6_TestC2Ev
FNDA:2,_ZN49create_number_s21_CalcController_putNumber_6_TestC2Ev
FN:256,_ZN49create_number_s21_CalcController_putNumber_7_TestC2Ev
FNDA:2,_ZN49create_number_s21_CalcController_putNumber_7_TestC2Ev
FN:256,_ZN49create_number_s21_CalcController_putNumber_7_Test8TestBodyEv
FNDA:2,_ZN49create_number_s21_CalcController_putNumber_7_Test8TestBodyEv
FN:256,_ZN49create_number_s21_CalcController_putNumber_7_TestD0Ev
FNDA:2,_ZN49create_number_s21_CalcController_putNumber_7_TestD0Ev
FN:256,_ZN49create_number_s21_CalcController_putNumber_7_TestD2Ev
FNDA:2,_ZN49create_number_s21_CalcController_putNumber_7_TestD2Ev
FN:273,_ZN52polish_err_s21_CalcController_test_polish_err_1_Test8TestBodyEv
FNDA:2,_ZN52polish_err_s21_CalcController_test_polish_err_1_Test8TestBodyEv
FN:273,_ZN52polish_err_s21_CalcController_test_polish_err_1_TestD0Ev
FNDA:2,_ZN52polish_err_s21_CalcController_test_polish_err_1_TestD0Ev
FN:273,_ZN52polish_err_s21_CalcController_test_polish_err_1_TestC2Ev
FNDA:2,_ZN52polish_err_s21_CalcController_test_polish_err_1_TestC2Ev
FN:273,_ZN52polish_err_s21_CalcController_test_polish_err_1_TestD2Ev
FNDA:2,_ZN52polish_err_s21_CalcController_test_polish_err_1_TestD2Ev
FN:284,_ZN52polish_err_s21_CalcController_test_polish_err_2_TestD2Ev
FNDA:2,_ZN52polish_err_s21_CalcController_test_polish_err_2_TestD2Ev
FN:284,_ZN52polish_err_s21_CalcController_test_polish_err_2_TestC2Ev
FNDA:2,_ZN52polish_err_s21_CalcController_test_polish_err_2_TestC2Ev
FN:284,_ZN52polish_err_s21_CalcController_test_polish_err_2_TestD0Ev
FNDA:2,_ZN52polish_err_s21_CalcController_test_polish_err_2_TestD0Ev
FN:284,_ZN52polish_err_s21_CalcController_test_polish_err_2_Test8TestBodyEv
FNDA:2,_ZN52polish_err_s21_CalcController_test_polish_err_2_Test8TestBodyEv
FN:295,_ZN52polish_err_s21_CalcController_test_polish_err_3_TestD0Ev
FNDA:2,_ZN52polish_err_s21_CalcController_test_polish_err_3_TestD0Ev
FN:295,_ZN52polish_err_s21_CalcController_test_polish_err_3_TestC2Ev
FNDA:2,_ZN52polish_err_s21_CalcController_test_polish_err_3_TestC2Ev
FN:295,_ZN52polish_err_s21_CalcController_test_polish_err_3_Test8TestBodyEv
FNDA:2,_ZN52polish_err_s21_CalcController_test_polish_err_3_Test8TestBodyEv
FN:295,_ZN52polish_err_s21_CalcController_test_polish_err_3_TestD2Ev
FNDA:2,_ZN52polish_err_s21_CalcController_test_polish_err_3_TestD2Ev
FN:305,_ZN52polish_err_s21_CalcController_test_polish_err_4_TestD0Ev
FNDA:2,_ZN52polish_err_s21_CalcController_test_polish_err_4_TestD0Ev
FN:305,_ZN52polish_err_s21_CalcController_test_polish_err_4_TestC2Ev
FNDA:2,_ZN52polish_err_s21_CalcController_test_polish_err_4_TestC2Ev
FN:305,_ZN52polish_err_s21_CalcController_test_polish_err_4_Test8TestBodyEv
FNDA:2,_ZN52polish_err_s21_CalcController_test_polish_err_4_Test8TestBodyEv
FN:305,_ZN52polish_err_s21_CalcController_test_polish_err_4_TestD2Ev
FNDA:2,_ZN52polish_err_s21_CalcController_test_polish_err_4_TestD2Ev
FN:317,_ZN52polish_err_s21_CalcController_test_polish_err_5_TestC2Ev
FNDA:2,_ZN52polish_err_s21_CalcController_test_polish_err_5_TestC2Ev
FN:317,_ZN52polish_err_s21_CalcController_test_polish_err_5_Test8TestBodyEv
FNDA:2,_ZN52polish_err_s21_CalcController_test_polish_err_5_Test8TestBodyEv
FN:317,_ZN52polish_err_s21_CalcController_test_polish_err_5_TestD2Ev
FNDA:2,_ZN52polish_err_s21_CalcController_test_polish_err_5_TestD2Ev
FN:317,_ZN52polish_err_s21_CalcController_test_polish_err_5_TestD0Ev
FNDA:2,_ZN52polish_err_s21_CalcController_test_polish_err_5_TestD0Ev
FN:329,_ZN52polish_err_s21_CalcController_test_polish_err_6_TestD2Ev
FNDA:2,_ZN52polish_err_s21_CalcController_test_polish_err_6_TestD2Ev
FN:329,_ZN52polish_err_s21_CalcController_test_polish_err_6_TestC2Ev
FNDA:2,_ZN52polish_err_s21_CalcController_test_polish_err_6_TestC2Ev
FN:329,_ZN52polish_err_s21_CalcController_test_polish_err_6_Test8TestBodyEv
FNDA:2,_ZN52polish_err_s21_CalcController_test_polish_err_6_Test8TestBodyEv
FN:329,_ZN52polish_err_s21_CalcController_test_polish_err_6_TestD0Ev
FNDA:2,_ZN52polish_err_s21_CalcController_test_polish_err_6_TestD0Ev
FN:340,_ZN52polish_err_s21_CalcController_test_polish_err_7_TestD2Ev
FNDA:2,_ZN52polish_err_s21_CalcController_test_polish_err_7_TestD2Ev
FN:340,_ZN52polish_err_s21_CalcController_test_polish_err_7_Test8TestBodyEv
FNDA:2,_ZN52polish_err_s21_CalcController_test_polish_err_7_Test8TestBodyEv
FN:340,_ZN52polish_err_s21_CalcController_test_polish_err_7_TestD0Ev
FNDA:2,_ZN52polish_err_s21_CalcController_test_polish_err_7_TestD0Ev
FN:340,_ZN52polish_err_s21_CalcController_test_polish_err_7_TestC2Ev
FNDA:2,_ZN52polish_err_s21_CalcController_test_polish_err_7_TestC2Ev
FN:351,_ZN52polish_err_s21_CalcController_test_polish_err_8_Test8TestBodyEv
FNDA:2,_ZN52polish_err_s21_CalcController_test_polish_err_8_Test8TestBodyEv
FN:351,_ZN52polish_err_s21_CalcController_test_polish_err_8_TestD2Ev
FNDA:2,_ZN52polish_err_s21_CalcController_test_polish_err_8_TestD2Ev
FN:351,_ZN52polish_err_s21_CalcController_test_polish_err_8_TestD0Ev
FNDA:2,_ZN52polish_err_s21_CalcController_test_polish_err_8_TestD0Ev
FN:351,_ZN52polish_err_s21_CalcController_test_polish_err_8_TestC2Ev
FNDA:2,_ZN52polish_err_s21_CalcController_test_polish_err_8_TestC2Ev
FN:360,_ZN52polish_err_s21_CalcController_test_polish_err_9_Test8TestBodyEv
FNDA:2,_ZN52polish_err_s21_CalcController_test_polish_err_9_Test8TestBodyEv
FN:360,_ZN52polish_err_s21_CalcController_test_polish_err_9_TestD2Ev
FNDA:2,_ZN52polish_err_s21_CalcController_test_polish_err_9_TestD2Ev
FN:360,_ZN52polish_err_s21_CalcController_test_polish_err_9_TestD0Ev
FNDA:2,_ZN52polish_err_s21_CalcController_test_polish_err_9_TestD0Ev
FN:360,_ZN52polish_err_s21_CalcController_test_polish_err_9_TestC2Ev
FNDA:2,_ZN52polish_err_s21_CalcController_test_polish_err_9_TestC2Ev
FN:375,_ZN44polish_err_s21_CalcController_test_copy_Test8TestBodyEv
FNDA:2,_ZN44polish_err_s21_CalcController_test_copy_Test8TestBodyEv
FN:375,_ZN44polish_err_s21_CalcController_test_copy_TestD2Ev
FNDA:2,_ZN44polish_err_s21_CalcController_test_copy_TestD2Ev
FN:375,_ZN44polish_err_s21_CalcController_test_copy_TestD0Ev
FNDA:2,_ZN44polish_err_s21_CalcController_test_copy_TestD0Ev
FN:375,_ZN44polish_err_s21_CalcController_test_copy_TestC2Ev
FNDA:2,_ZN44polish_err_s21_CalcController_test_copy_TestC2Ev
FN:391,main
FNDA:2,main
DA:15,2
DA:15,2
DA:15,2
DA:15,2
DA:16,2
DA:17,2
DA:18,2
DA:19,4
DA:20,2
DA:21,2
DA:23,2
DA:23,2
DA:23,2
DA:23,2
DA:24,2
DA:25,2
DA:26,2
DA:27,4
DA:28,2
DA:29,2
DA:31,2
DA:31,2
DA:31,2
DA:31,2
DA:32,2
DA:33,2
DA:34,2
DA:35,4
DA:36,2
DA:37,2
DA:39,2
DA:39,2
DA:39,2
DA:39,2
DA:40,2
DA:41,2
DA:42,2
DA:43,2
DA:44,2
DA:45,4
DA:46,2
DA:47,2
DA:49,2
DA:49,2
DA:49,2
DA:49,2
DA:50,2
DA:51,2
DA:52,2
DA:53,2
DA:54,2
DA:55,2
DA:56,4
DA:57,2
DA:58,2
DA:60,2
DA:60,2
DA:60,2
DA:60,2
DA:61,2
DA:62,2
DA:63,2
DA:64,2
DA:65,2
DA:66,2
DA:67,2
DA:68,2
DA:69,4
DA:70,2
DA:71,2
DA:73,2
DA:73,2
DA:73,2
DA:73,2
DA:74,2
DA:75,2
DA:76,2
DA:77,2
DA:78,4
DA:79,2
DA:80,2
DA:82,2
DA:82,2
DA:82,2
DA:82,2
DA:84,2
DA:85,2
DA:86,2
DA:87,2
DA:88,2
DA:89,2
DA:90,2
DA:91,2
DA:92,2
DA:93,2
DA:94,2
DA:95,2
DA:96,2
DA:97,2
DA:98,2
DA:99,2
DA:100,2
DA:101,2
DA:102,2
DA:103,2
DA:104,2
DA:105,2
DA:106,2
DA:107,2
DA:108,2
DA:109,2
DA:110,2
DA:112,4
DA:114,2
DA:115,2
DA:116,4
DA:117,2
DA:118,4
DA:120,2
DA:121,2
DA:122,2
DA:124,2
DA:124,2
DA:124,2
DA:124,2
DA:125,2
DA:126,2
DA:127,2
DA:128,2
DA:129,2
DA:130,2
DA:131,2
DA:132,2
DA:133,2
DA:134,2
DA:135,4
DA:136,2
DA:137,2
DA:139,2
DA:139,2
DA:139,2
DA:139,2
DA:140,2
DA:141,2
DA:142,2
DA:143,2
DA:144,2
DA:145,2
DA:146,2
DA:147,2
DA:148,2
DA:149,2
DA:150,2
DA:151,2
DA:152,2
DA:153,2
DA:154,4
DA:155,2
DA:156,2
DA:157,2
DA:158,2
DA:159,4
DA:161,2
DA:163,2
DA:167,2
DA:167,2
DA:167,2
DA:167,2
DA:168,2
DA:169,2
DA:170,2
DA:171,2
DA:172,2
DA:173,2
DA:174,2
DA:175,2
DA:176,2
DA:177,2
DA:178,4
DA:179,2
DA:180,2
DA:182,2
DA:182,2
DA:182,2
DA:182,2
DA:183,2
DA:184,2
DA:185,2
DA:186,2
DA:187,2
DA:188,2
DA:189,2
DA:190,2
DA:191,4
DA:192,2
DA:193,2
DA:195,2
DA:195,2
DA:195,2
DA:195,2
DA:196,2
DA:197,2
DA:198,2
DA:199,2
DA:200,2
DA:201,2
DA:202,2
DA:203,2
DA:204,2
DA:205,2
DA:206,4
DA:208,2
DA:210,2
DA:212,2
DA:212,2
DA:212,2
DA:212,2
DA:213,2
DA:214,2
DA:215,2
DA:216,2
DA:217,2
DA:218,2
DA:219,2
DA:220,2
DA:221,2
DA:222,4
DA:225,2
DA:227,2
DA:229,2
DA:229,2
DA:229,2
DA:229,2
DA:230,2
DA:231,2
DA:232,2
DA:233,2
DA:234,2
DA:235,2
DA:236,2
DA:237,2
DA:238,4
DA:239,2
DA:240,2
DA:242,2
DA:242,2
DA:242,2
DA:242,2
DA:243,2
DA:244,2
DA:245,2
DA:246,2
DA:247,2
DA:248,2
DA:249,2
DA:250,2
DA:251,2
DA:252,4
DA:253,2
DA:254,2
DA:256,2
DA:256,2
DA:256,2
DA:256,2
DA:257,2
DA:258,2
DA:259,2
DA:260,2
DA:261,2
DA:262,2
DA:263,2
DA:264,2
DA:265,2
DA:266,2
DA:267,4
DA:268,2
DA:269,2
DA:273,2
DA:273,2
DA:273,2
DA:273,2
DA:274,2
DA:275,2
DA:276,2
DA:277,2
DA:278,4
DA:280,2
DA:282,2
DA:284,2
DA:284,2
DA:284,2
DA:284,2
DA:285,2
DA:286,2
DA:287,2
DA:288,2
DA:289,4
DA:291,2
DA:293,2
DA:295,2
DA:295,2
DA:295,2
DA:295,2
DA:296,2
DA:297,2
DA:298,2
DA:299,4
DA:301,2
DA:303,2
DA:305,2
DA:305,2
DA:305,2
DA:305,2
DA:306,2
DA:307,2
DA:308,2
DA:309,2
DA:310,2
DA:311,4
DA:313,2
DA:315,2
DA:317,2
DA:317,2
DA:317,2
DA:317,2
DA:318,2
DA:319,2
DA:320,2
DA:321,2
DA:322,2
DA:323,4
DA:325,2
DA:327,2
DA:329,2
DA:329,2
DA:329,2
DA:329,2
DA:330,2
DA:331,2
DA:332,2
DA:333,2
DA:334,4
DA:336,2
DA:338,2
DA:340,2
DA:340,2
DA:340,2
DA:340,2
DA:341,2
DA:342,2
DA:343,2
DA:344,2
DA:345,4
DA:347,2
DA:349,2
DA:351,2
DA:351,2
DA:351,2
DA:351,2
DA:352,2
DA:353,2
DA:354,4
DA:356,2
DA:358,2
DA:360,2
DA:360,2
DA:360,2
DA:360,2
DA:361,2
DA:362,2
DA:363,2
DA:364,2
DA:365,2
DA:366,2
DA:367,4
DA:369,2
DA:371,2
DA:375,2
DA:375,2
DA:375,2
DA:375,2
DA:376,2
DA:377,2
DA:378,2
DA:379,2
DA:380,2
DA:381,2
DA:382,2
DA:383,4
DA:385,2
DA:386,4
DA:387,4
DA:388,2
DA:389,2
DA:391,2
DA:392,2
DA:393,2
end_of_record
TN:tests
SF:/home/user/school21/CPP3_SmartCalc_v2.0-1/src/arithmetic.h
FN:30,_ZN3s2112I_ArithmeticD0Ev
FNDA:0,_ZN3s2112I_ArithmeticD0Ev
FN:30,_ZN3s2112I_ArithmeticD2Ev
FNDA:814,_ZN3s2112I_ArithmeticD2Ev
DA:30,0
DA:30,814
end_of_record
SF:/home/user/school21/CPP3_SmartCalc_v2.0-1/src/s21CalcModel.cpp
FN:5,_ZN3s219CalcModelC2Ev
FNDA:60,_ZN3s219CalcModelC2Ev
FN:7,_ZN3s219CalcModelD2Ev
FNDA:60,_ZN3s219CalcModelD2Ev
FN:9,_ZN3s219CalcModelC2ERKS0_
FNDA:4,_ZN3s219CalcModelC2ERKS0_
FN:11,_ZN3s219CalcModelaSERKS0_
FNDA:0,_ZN3s219CalcModelaSERKS0_
FN:17,_ZN3s219CalcModel3delEv
FNDA:60,_ZN3s219CalcModel3delEv
FN:25,_ZN3s219CalcModel4copyERKS0_
FNDA:4,_ZN3s219CalcModel4copyERKS0_
FN:54,_ZN3s219CalcModel18pushBackArithmeticEPNS_12I_ArithmeticE
FNDA:314,_ZN3s219CalcModel18pushBackArithmeticEPNS_12I_ArithmeticE
FN:58,_ZN3s219CalcModel18editBackArithmeticEPNS_12I_ArithmeticE
FNDA:82,_ZN3s219CalcModel18editBackArithmeticEPNS_12I_ArithmeticE
FN:63,_ZN3s219CalcModel19clearBackArithmeticEv
FNDA:96,_ZN3s219CalcModel19clearBackArithmeticEv
FN:71,_ZN3s219CalcModel5clearEv
FNDA:4,_ZN3s219CalcModel5clearEv
FN:79,_ZN3s219CalcModel8toStringB5cxx11Ev
FNDA:60,_ZN3s219CalcModel8toStringB5cxx11Ev
FN:89,_ZN3s219CalcModel12toStringLastB5cxx11Ev
FNDA:4,_ZN3s219CalcModel12toStringLastB5cxx11Ev
FN:95,_ZN3s219CalcModel8isNumberEv
FNDA:14,_ZN3s219CalcModel8isNumberEv
FN:104,_ZN3s219CalcModel7isUnaryEv
FNDA:60,_ZN3s219CalcModel7isUnaryEv
FN:115,_ZN3s219CalcModel8getCheckEv
FNDA:60,_ZN3s219CalcModel8getCheckEv
FN:145,_ZN3s219CalcModel9getPolishEv
FNDA:46,_ZN3s219CalcModel9getPolishEv
FN:186,_ZN3s219CalcModel9getResultEd
FNDA:44,_ZN3s219CalcModel9getResultEd
DA:5,60
DA:7,60
DA:9,4
DA:11,0
DA:12,0
DA:13,0
DA:14,0
DA:17,60
DA:18,324
DA:19,264
DA:21,60
DA:22,60
DA:23,60
DA:25,4
DA:26,68
DA:28,64
DA:29,64
DA:30,64
DA:31,10
DA:32,10
DA:33,10
DA:34,8
DA:35,8
DA:36,8
DA:37,14
DA:38,14
DA:39,14
DA:40,28
DA:41,28
DA:42,28
DA:43,2
DA:44,2
DA:45,2
DA:46,2
DA:47,2
DA:48,2
DA:50,64
DA:51,64
DA:52,4
DA:54,314
DA:55,314
DA:56,314
DA:58,82
DA:59,82
DA:60,82
DA:61,82
DA:63,96
DA:64,96
DA:65,90
DA:66,90
DA:67,90
DA:69,96
DA:71,4
DA:72,28
DA:73,24
DA:75,4
DA:76,4
DA:77,4
DA:79,60
DA:80,60
DA:81,346
DA:82,286
DA:83,286
DA:85,60
DA:86,120
DA:87,60
DA:89,4
DA:90,4
DA:91,4
DA:92,8
DA:93,4
DA:95,14
DA:96,14
DA:97,4
DA:98,4
DA:101,10
DA:104,60
DA:105,60
DA:106,44
DA:107,8
DA:108,8
DA:109,2
DA:112,42
DA:115,60
DA:116,60
DA:117,56
DA:118,56
DA:119,56
DA:120,268
DA:121,220
DA:122,220
DA:124,220
DA:125,32
DA:126,26
DA:127,26
DA:128,26
DA:129,2
DA:132,6
DA:135,212
DA:136,0
DA:139,48
DA:140,2
DA:142,46
DA:145,46
DA:146,46
DA:147,46
DA:148,46
DA:149,294
DA:150,250
DA:151,250
DA:152,80
DA:153,170
DA:154,76
DA:155,76
DA:156,38
DA:158,74
DA:159,36
DA:160,36
DA:162,38
DA:163,36
DA:165,2
DA:168,94
DA:169,176
DA:170,64
DA:171,18
DA:172,18
DA:174,94
DA:177,84
DA:178,40
DA:179,40
DA:181,44
DA:182,2
DA:184,46
DA:186,44
DA:187,44
DA:188,0
DA:190,44
DA:191,224
DA:192,186
DA:193,186
DA:194,64
DA:195,122
DA:196,20
DA:197,102
DA:198,46
DA:199,46
DA:200,2
DA:202,44
DA:203,44
DA:204,44
DA:205,44
DA:206,44
DA:207,100
DA:208,36
DA:209,36
DA:210,0
DA:212,36
DA:213,36
DA:214,36
DA:215,56
DA:216,20
DA:217,4
DA:219,16
DA:220,16
DA:221,16
DA:222,16
DA:223,16
DA:224,0
DA:227,38
DA:228,76
DA:230,0
DA:232,44
end_of_record
TN:tests
SF:/home/user/school21/CPP3_SmartCalc_v2.0-1/src/s21CalcController.cpp
FN:5,_ZN3s2114CalcControllerC2Ev
FNDA:20,_ZN3s2114CalcControllerC2Ev
FN:7,_ZN3s2114CalcControllerC2EPNS_9CalcModelE
FNDA:36,_ZN3s2114CalcControllerC2EPNS_9CalcModelE
FN:9,_ZN3s2114CalcControllerC2ERS0_
FNDA:2,_ZN3s2114CalcControllerC2ERS0_
FN:13,_ZN3s2114CalcControlleraSERKS0_
FNDA:2,_ZN3s2114CalcControlleraSERKS0_
FN:23,_ZN3s2114CalcControllerD2Ev
FNDA:58,_ZN3s2114CalcControllerD2Ev
FN:30,_ZN3s2114CalcController9putNumberENSt7__cxx1112basic_stringIcSt11char_traitsIcESaIcEEE
FNDA:122,_ZN3s2114CalcController9putNumberENSt7__cxx1112basic_stringIcSt11char_traitsIcESaIcEEE
FN:34,_ZZN3s2114CalcController9putNumberENSt7__cxx1112basic_stringIcSt11char_traitsIcESaIcEEEENKUlT_E_clIcEEDaS7_
FNDA:282,_ZZN3s2114CalcController9putNumberENSt7__cxx1112basic_stringIcSt11char_traitsIcESaIcEEEENKUlT_E_clIcEEDaS7_
FN:50,_ZN3s2114CalcController10putUnknownENSt7__cxx1112basic_stringIcSt11char_traitsIcESaIcEEE
FNDA:16,_ZN3s2114CalcController10putUnknownENSt7__cxx1112basic_stringIcSt11char_traitsIcESaIcEEE
FN:54,_ZN3s2114CalcController13putOperationsENSt7__cxx1112basic_stringIcSt11char_traitsIcESaIcEEE
FNDA:60,_ZN3s2114CalcController13putOperationsENSt7__cxx1112basic_stringIcSt11char_traitsIcESaIcEEE
FN:64,_ZN3s2114CalcController12putFunctionsENSt7__cxx1112basic_stringIcSt11char_traitsIcESaIcEEE
FNDA:32,_ZN3s2114CalcController12putFunctionsENSt7__cxx1112basic_stringIcSt11char_traitsIcESaIcEEE
FN:69,_ZN3s2114CalcController10putBracketENSt7__cxx1112basic_stringIcSt11char_traitsIcESaIcEEE
FNDA:58,_ZN3s2114CalcController10putBracketENSt7__cxx1112basic_stringIcSt11char_traitsIcESaIcEEE
FN:75,_ZN3s2114CalcController9clearBackEv
FNDA:40,_ZN3s2114CalcController9clearBackEv
FN:96,_ZN3s2114CalcController5clearEv
FNDA:4,_ZN3s2114CalcController5clearEv
FN:101,_ZN3s2114CalcController8toStringB5cxx11Ev
FNDA:60,_ZN3s2114CalcController8toStringB5cxx11Ev
FN:110,_ZN3s2114CalcController12setNotNumberEv
FNDA:168,_ZN3s2114CalcController12setNotNumberEv
FN:116,_ZN3s2114CalcController9getResultEd
FNDA:60,_ZN3s2114CalcController9getResultEd
FN:122,_ZN3s2114CalcController4getYEd
FNDA:2,_ZN3s2114CalcController4getYEd
DA:5,20
DA:7,36
DA:9,2
DA:10,2
DA:11,2
DA:13,2
DA:14,2
DA:15,2
DA:16,2
DA:18,2
DA:23,58
DA:24,58
DA:25,58
DA:26,58
DA:28,58
DA:30,122
DA:31,122
DA:33,122
DA:34,282
DA:35,122
DA:37,122
DA:38,14
DA:40,108
DA:42,122
DA:43,66
DA:45,56
DA:47,122
DA:48,122
DA:50,16
DA:51,16
DA:52,16
DA:54,60
DA:55,60
DA:56,60
DA:57,18
DA:59,42
DA:61,60
DA:62,60
DA:64,32
DA:65,32
DA:66,32
DA:67,32
DA:69,58
DA:70,58
DA:71,58
DA:72,58
DA:73,58
DA:75,40
DA:76,40
DA:77,26
DA:78,26
DA:79,12
DA:81,14
DA:84,26
DA:87,14
DA:88,14
DA:89,14
DA:90,4
DA:91,4
DA:94,40
DA:96,4
DA:97,4
DA:98,4
DA:99,4
DA:101,60
DA:102,120
DA:110,168
DA:111,168
DA:112,168
DA:113,168
DA:114,168
DA:116,60
DA:117,60
DA:118,46
DA:119,42
DA:122,2
end_of_record
SF:/home/user/school21/CPP3_SmartCalc_v2.0-1/src/arithmetic.h
end_of_record
